Running: fuse.exe -relaunch -intstyle "ise" -incremental -lib "secureip" -o "E:/ISE/final_project_Bahadori_IUST9/SPI_LTC2369_18_tb_isim_beh.exe" -prj "E:/ISE/final_project_Bahadori_IUST9/SPI_LTC2369_18_tb_beh.prj" "work.SPI_LTC2369_18_tb" 
ISim P.20131013 (signature 0x7708f090)
Number of CPUs detected in this system: 8
Turning on mult-threading, number of parallel sub-compilation jobs: 16 
Determining compilation order of HDL files
Parsing VHDL file "E:/ISE/final_project_Bahadori_IUST9/SPI_LTC2369_18.vhd" into library work
Parsing VHDL file "E:/ISE/final_project_Bahadori_IUST9/SPI_LTC2369_18_tb.vhd" into library work
Starting static elaboration
Completed static elaboration
Compiling package standard
Compiling package std_logic_1164
Compiling package numeric_std
Compiling architecture behavioral of entity SPI_LTC2369_18 [spi_ltc2369_18_default]
Compiling architecture behavior of entity spi_ltc2369_18_tb
Time Resolution for simulation is 1ps.
Waiting for 1 sub-compilation(s) to finish...
WARNING:Simulator - Unable to copy libPortabilityNOSH.dll to the simulation executable directory: boost::filesystem::copy_file: The system cannot find the path specified, "isim\SPI_LTC2369_18_tb_isim_beh.exe.sim\libPortability.dll".
Compiled 6 VHDL Units
Built simulation executable E:/ISE/final_project_Bahadori_IUST9/SPI_LTC2369_18_tb_isim_beh.exe
Fuse Memory Usage: 33796 KB
Fuse CPU Usage: 1686 ms
